<?xml version="1.0" encoding="UTF-8"?>
<testsuite xmlns:xsi="http://www.w3.org/2001/XMLSchema-instance" xsi:noNamespaceSchemaLocation="https://maven.apache.org/surefire/maven-surefire-plugin/xsd/surefire-test-report.xsd" name="com.nrgtraining.core.listeners.SimpleResourceListenerTest" time="0.002" tests="1" errors="0" skipped="0" failures="0">
  <properties>
    <property name="sun.desktop" value="windows"/>
    <property name="awt.toolkit" value="sun.awt.windows.WToolkit"/>
    <property name="java.specification.version" value="11"/>
    <property name="sun.cpu.isalist" value="amd64"/>
    <property name="sun.jnu.encoding" value="Cp1252"/>
    <property name="java.class.path" value="D:\repo\org\apache\maven\surefire\surefire-booter\2.22.1\surefire-booter-2.22.1.jar;D:\repo\org\apache\maven\surefire\surefire-api\2.22.1\surefire-api-2.22.1.jar;D:\repo\org\apache\maven\surefire\surefire-logger-api\2.22.1\surefire-logger-api-2.22.1.jar;D:\git\AEM\nrag-training\core\target\test-classes;D:\git\AEM\nrag-training\core\target\classes;D:\repo\uk\org\lidalia\slf4j-test\1.0.1\slf4j-test-1.0.1.jar;D:\repo\uk\org\lidalia\lidalia-lang\1.0.0\lidalia-lang-1.0.0.jar;D:\repo\org\apache\commons\commons-lang3\3.1\commons-lang3-3.1.jar;D:\repo\com\google\guava\guava\14.0.1\guava-14.0.1.jar;D:\repo\uk\org\lidalia\lidalia-slf4j-ext\1.0.0\lidalia-slf4j-ext-1.0.0.jar;D:\repo\joda-time\joda-time\2.2\joda-time-2.2.jar;D:\repo\org\osgi\org.osgi.annotation.versioning\1.1.0\org.osgi.annotation.versioning-1.1.0.jar;D:\repo\org\osgi\org.osgi.annotation.bundle\1.0.0\org.osgi.annotation.bundle-1.0.0.jar;D:\repo\org\osgi\org.osgi.service.metatype.annotations\1.4.0\org.osgi.service.metatype.annotations-1.4.0.jar;D:\repo\org\osgi\org.osgi.service.component.annotations\1.4.0\org.osgi.service.component.annotations-1.4.0.jar;D:\repo\org\osgi\org.osgi.service.component\1.4.0\org.osgi.service.component-1.4.0.jar;D:\repo\org\osgi\org.osgi.service.cm\1.6.0\org.osgi.service.cm-1.6.0.jar;D:\repo\org\osgi\org.osgi.service.event\1.3.1\org.osgi.service.event-1.3.1.jar;D:\repo\org\osgi\org.osgi.service.log\1.4.0\org.osgi.service.log-1.4.0.jar;D:\repo\org\osgi\org.osgi.framework\1.9.0\org.osgi.framework-1.9.0.jar;D:\repo\org\osgi\org.osgi.resource\1.0.0\org.osgi.resource-1.0.0.jar;D:\repo\org\osgi\org.osgi.util.tracker\1.5.1\org.osgi.util.tracker-1.5.1.jar;D:\repo\org\slf4j\slf4j-api\1.7.21\slf4j-api-1.7.21.jar;D:\repo\javax\jcr\jcr\2.0\jcr-2.0.jar;D:\repo\javax\servlet\javax.servlet-api\3.1.0\javax.servlet-api-3.1.0.jar;D:\repo\javax\annotation\javax.annotation-api\1.3.2\javax.annotation-api-1.3.2.jar;D:\repo\org\apache\sling\org.apache.sling.servlets.annotations\1.2.4\org.apache.sling.servlets.annotations-1.2.4.jar;D:\repo\com\adobe\aem\uber-jar\6.5.20\uber-jar-6.5.20.jar;D:\repo\com\adobe\cq\core.wcm.components.core\2.25.4\core.wcm.components.core-2.25.4.jar;D:\repo\org\jsoup\jsoup\1.15.3\jsoup-1.15.3.jar;D:\repo\com\github\spotbugs\spotbugs-annotations\4.7.2\spotbugs-annotations-4.7.2.jar;D:\repo\com\google\code\findbugs\jsr305\3.0.2\jsr305-3.0.2.jar;D:\repo\org\apache\sling\org.apache.sling.models.api\1.3.6\org.apache.sling.models.api-1.3.6.jar;D:\repo\org\junit\jupiter\junit-jupiter\5.8.2\junit-jupiter-5.8.2.jar;D:\repo\org\junit\jupiter\junit-jupiter-api\5.8.2\junit-jupiter-api-5.8.2.jar;D:\repo\org\opentest4j\opentest4j\1.2.0\opentest4j-1.2.0.jar;D:\repo\org\junit\platform\junit-platform-commons\1.8.2\junit-platform-commons-1.8.2.jar;D:\repo\org\apiguardian\apiguardian-api\1.1.2\apiguardian-api-1.1.2.jar;D:\repo\org\junit\jupiter\junit-jupiter-params\5.8.2\junit-jupiter-params-5.8.2.jar;D:\repo\org\junit\jupiter\junit-jupiter-engine\5.8.2\junit-jupiter-engine-5.8.2.jar;D:\repo\org\junit\platform\junit-platform-engine\1.8.2\junit-platform-engine-1.8.2.jar;D:\repo\org\mockito\mockito-core\4.1.0\mockito-core-4.1.0.jar;D:\repo\net\bytebuddy\byte-buddy\1.12.1\byte-buddy-1.12.1.jar;D:\repo\net\bytebuddy\byte-buddy-agent\1.12.1\byte-buddy-agent-1.12.1.jar;D:\repo\org\objenesis\objenesis\3.2\objenesis-3.2.jar;D:\repo\org\mockito\mockito-junit-jupiter\4.1.0\mockito-junit-jupiter-4.1.0.jar;D:\repo\junit-addons\junit-addons\1.4\junit-addons-1.4.jar;D:\repo\junit\junit\3.8.1\junit-3.8.1.jar;D:\repo\xerces\xercesImpl\2.6.2\xercesImpl-2.6.2.jar;D:\repo\xerces\xmlParserAPIs\2.6.2\xmlParserAPIs-2.6.2.jar;D:\repo\io\wcm\io.wcm.testing.aem-mock.junit5\5.1.2\io.wcm.testing.aem-mock.junit5-5.1.2.jar;D:\repo\io\wcm\io.wcm.testing.aem-mock.core\5.1.2\io.wcm.testing.aem-mock.core-5.1.2.jar;D:\repo\org\apache\sling\org.apache.sling.api\2.22.0\org.apache.sling.api-2.22.0.jar;D:\repo\org\jetbrains\annotations\16.0.2\annotations-16.0.2.jar;D:\repo\org\apache\jackrabbit\jackrabbit-jcr-commons\2.20.1\jackrabbit-jcr-commons-2.20.1.jar;D:\repo\org\apache\sling\org.apache.sling.commons.osgi\2.4.0\org.apache.sling.commons.osgi-2.4.0.jar;D:\repo\org\apache\sling\org.apache.sling.resourceresolver\1.7.0\org.apache.sling.resourceresolver-1.7.0.jar;D:\repo\org\apache\sling\org.apache.sling.serviceusermapper\1.4.4\org.apache.sling.serviceusermapper-1.4.4.jar;D:\repo\org\apache\sling\org.apache.sling.jcr.api\2.4.0\org.apache.sling.jcr.api-2.4.0.jar;D:\repo\org\apache\sling\org.apache.sling.jcr.resource\3.0.18\org.apache.sling.jcr.resource-3.0.18.jar;D:\repo\org\apache\sling\org.apache.sling.commons.mime\2.2.2\org.apache.sling.commons.mime-2.2.2.jar;D:\repo\org\apache\sling\org.apache.sling.commons.json\2.0.20\org.apache.sling.commons.json-2.0.20.jar;D:\repo\org\apache\sling\org.apache.sling.commons.classloader\1.4.2\org.apache.sling.commons.classloader-1.4.2.jar;D:\repo\org\apache\sling\org.apache.sling.settings\1.3.10\org.apache.sling.settings-1.3.10.jar;D:\repo\org\apache\sling\org.apache.sling.i18n\2.5.14\org.apache.sling.i18n-2.5.14.jar;D:\repo\org\apache\sling\org.apache.sling.testing.jcr-mock\1.6.0\org.apache.sling.testing.jcr-mock-1.6.0.jar;D:\repo\org\apache\jackrabbit\oak-jackrabbit-api\1.22.5\oak-jackrabbit-api-1.22.5.jar;D:\repo\org\apache\commons\commons-collections4\4.2\commons-collections4-4.2.jar;D:\repo\org\apache\sling\org.apache.sling.testing.osgi-mock.core\3.3.4\org.apache.sling.testing.osgi-mock.core-3.3.4.jar;D:\repo\commons-io\commons-io\2.6\commons-io-2.6.jar;D:\repo\org\reflections\reflections\0.10.2\reflections-0.10.2.jar;D:\repo\org\javassist\javassist\3.28.0-GA\javassist-3.28.0-GA.jar;D:\repo\org\apache\sling\org.apache.sling.testing.sling-mock.core\3.4.2\org.apache.sling.testing.sling-mock.core-3.4.2.jar;D:\repo\org\apache\sling\org.apache.sling.resourcebuilder\1.0.4\org.apache.sling.resourcebuilder-1.0.4.jar;D:\repo\org\osgi\org.osgi.util.converter\1.0.0\org.osgi.util.converter-1.0.0.jar;D:\repo\org\osgi\org.osgi.util.function\1.1.0\org.osgi.util.function-1.1.0.jar;D:\repo\org\apache\sling\org.apache.sling.scripting.core\2.3.2\org.apache.sling.scripting.core-2.3.2.jar;D:\repo\org\apache\felix\org.apache.felix.utils\1.9.0\org.apache.felix.utils-1.9.0.jar;D:\repo\org\apache\johnzon\johnzon-core\1.1.1\johnzon-core-1.1.1.jar;D:\repo\org\apache\sling\org.apache.sling.adapter\2.1.10\org.apache.sling.adapter-2.1.10.jar;D:\repo\org\apache\sling\org.apache.sling.featureflags\1.2.2\org.apache.sling.featureflags-1.2.2.jar;D:\repo\org\apache\jackrabbit\oak-jcr\1.22.5\oak-jcr-1.22.5.jar;D:\repo\org\apache\jackrabbit\oak-api\1.22.5\oak-api-1.22.5.jar;D:\repo\org\apache\jackrabbit\oak-core-spi\1.22.5\oak-core-spi-1.22.5.jar;D:\repo\org\apache\jackrabbit\oak-store-spi\1.22.5\oak-store-spi-1.22.5.jar;D:\repo\org\apache\jackrabbit\oak-query-spi\1.22.5\oak-query-spi-1.22.5.jar;D:\repo\org\apache\jackrabbit\oak-security-spi\1.22.5\oak-security-spi-1.22.5.jar;D:\repo\org\apache\jackrabbit\oak-core\1.22.5\oak-core-1.22.5.jar;D:\repo\org\apache\jackrabbit\oak-blob-plugins\1.22.5\oak-blob-plugins-1.22.5.jar;D:\repo\org\apache\jackrabbit\jackrabbit-data\2.20.1\jackrabbit-data-2.20.1.jar;D:\repo\org\apache\jackrabbit\oak-blob\1.22.5\oak-blob-1.22.5.jar;D:\repo\commons-codec\commons-codec\1.14\commons-codec-1.14.jar;D:\repo\org\apache\jackrabbit\oak-commons\1.22.5\oak-commons-1.22.5.jar;D:\repo\commons-collections\commons-collections\3.2.2\commons-collections-3.2.2.jar;D:\repo\commons-lang\commons-lang\2.6\commons-lang-2.6.jar;D:\repo\org\apache\sling\org.apache.sling.contentparser.api\2.0.0\org.apache.sling.contentparser.api-2.0.0.jar;D:\repo\org\apache\sling\org.apache.sling.contentparser.json\2.0.0\org.apache.sling.contentparser.json-2.0.0.jar;D:\repo\org\apache\sling\org.apache.sling.contentparser.xml-jcr\2.0.0\org.apache.sling.contentparser.xml-jcr-2.0.0.jar;D:\repo\org\apache\sling\org.apache.sling.fsresource\2.2.0\org.apache.sling.fsresource-2.2.0.jar;D:\repo\org\apache\geronimo\specs\geronimo-atinject_1.0_spec\1.0\geronimo-atinject_1.0_spec-1.0.jar;D:\repo\org\apache\geronimo\specs\geronimo-json_1.1_spec\1.0\geronimo-json_1.1_spec-1.0.jar;D:\repo\org\apache\sling\org.apache.sling.testing.resourceresolver-mock\1.4.0\org.apache.sling.testing.resourceresolver-mock-1.4.0.jar;D:\repo\org\apache\sling\org.apache.sling.servlet-helpers\1.4.2\org.apache.sling.servlet-helpers-1.4.2.jar;D:\repo\org\apache\jackrabbit\vault\org.apache.jackrabbit.vault\3.2.8\org.apache.jackrabbit.vault-3.2.8.jar;D:\repo\org\apache\commons\commons-imaging\1.0-alpha1\commons-imaging-1.0-alpha1.jar;D:\repo\javax\servlet\jsp\jsp-api\2.1\jsp-api-2.1.jar;D:\repo\com\day\commons\day-commons-gfx\2.1.28\day-commons-gfx-2.1.28.jar;D:\repo\com\day\commons\day-commons-any\2.0.0\day-commons-any-2.0.0.jar;D:\repo\com\day\commons\day-commons-text\1.1.3\day-commons-text-1.1.3.jar;D:\repo\org\apache\sling\org.apache.sling.testing.hamcrest\1.0.2\org.apache.sling.testing.hamcrest-1.0.2.jar;D:\repo\org\hamcrest\hamcrest-library\1.3\hamcrest-library-1.3.jar;D:\repo\org\hamcrest\hamcrest-core\1.3\hamcrest-core-1.3.jar;D:\repo\org\apache\sling\org.apache.sling.xss\2.2.6\org.apache.sling.xss-2.2.6.jar;D:\repo\org\apache\sling\org.apache.sling.testing.caconfig-mock-plugin\1.4.0\org.apache.sling.testing.caconfig-mock-plugin-1.4.0.jar;D:\repo\org\apache\sling\org.apache.sling.caconfig.api\1.1.0\org.apache.sling.caconfig.api-1.1.0.jar;D:\repo\org\apache\sling\org.apache.sling.caconfig.spi\1.3.0\org.apache.sling.caconfig.spi-1.3.0.jar;D:\repo\org\apache\sling\org.apache.sling.caconfig.impl\1.4.0\org.apache.sling.caconfig.impl-1.4.0.jar;D:\repo\com\adobe\cq\core.wcm.components.testing.aem-mock-plugin\2.25.4\core.wcm.components.testing.aem-mock-plugin-2.25.4.jar;D:\repo\org\apache\sling\org.apache.sling.models.impl\1.4.4\org.apache.sling.models.impl-1.4.4.jar;D:\repo\commons-beanutils\commons-beanutils\1.8.3\commons-beanutils-1.8.3.jar;D:\repo\commons-logging\commons-logging\1.1.1\commons-logging-1.1.1.jar;D:\repo\org\apache\maven\surefire\surefire-junit-platform\2.22.1\surefire-junit-platform-2.22.1.jar;D:\repo\org\junit\platform\junit-platform-launcher\1.3.1\junit-platform-launcher-1.3.1.jar"/>
    <property name="java.vm.vendor" value="Oracle Corporation"/>
    <property name="sun.arch.data.model" value="64"/>
    <property name="user.variant" value=""/>
    <property name="java.vendor.url" value="https://openjdk.java.net/"/>
    <property name="user.timezone" value="Asia/Calcutta"/>
    <property name="java.vm.specification.version" value="11"/>
    <property name="os.name" value="Windows 11"/>
    <property name="sun.java.launcher" value="SUN_STANDARD"/>
    <property name="user.country" value="IN"/>
    <property name="sun.boot.library.path" value="C:\Program Files\Java\jdk-11\bin"/>
    <property name="sun.java.command" value="org.apache.maven.surefire.booter.ForkedBooter C:\Users\INFOMERICA\AppData\Local\Temp\surefire9488442767044223123 2024-10-13T18-49-38_030-jvmRun1 surefire13989688350725274397tmp surefire_09388526613977167506tmp"/>
    <property name="jdk.debug" value="release"/>
    <property name="surefire.test.class.path" value="D:\git\AEM\nrag-training\core\target\test-classes;D:\git\AEM\nrag-training\core\target\classes;D:\repo\uk\org\lidalia\slf4j-test\1.0.1\slf4j-test-1.0.1.jar;D:\repo\uk\org\lidalia\lidalia-lang\1.0.0\lidalia-lang-1.0.0.jar;D:\repo\org\apache\commons\commons-lang3\3.1\commons-lang3-3.1.jar;D:\repo\com\google\guava\guava\14.0.1\guava-14.0.1.jar;D:\repo\uk\org\lidalia\lidalia-slf4j-ext\1.0.0\lidalia-slf4j-ext-1.0.0.jar;D:\repo\joda-time\joda-time\2.2\joda-time-2.2.jar;D:\repo\org\osgi\org.osgi.annotation.versioning\1.1.0\org.osgi.annotation.versioning-1.1.0.jar;D:\repo\org\osgi\org.osgi.annotation.bundle\1.0.0\org.osgi.annotation.bundle-1.0.0.jar;D:\repo\org\osgi\org.osgi.service.metatype.annotations\1.4.0\org.osgi.service.metatype.annotations-1.4.0.jar;D:\repo\org\osgi\org.osgi.service.component.annotations\1.4.0\org.osgi.service.component.annotations-1.4.0.jar;D:\repo\org\osgi\org.osgi.service.component\1.4.0\org.osgi.service.component-1.4.0.jar;D:\repo\org\osgi\org.osgi.service.cm\1.6.0\org.osgi.service.cm-1.6.0.jar;D:\repo\org\osgi\org.osgi.service.event\1.3.1\org.osgi.service.event-1.3.1.jar;D:\repo\org\osgi\org.osgi.service.log\1.4.0\org.osgi.service.log-1.4.0.jar;D:\repo\org\osgi\org.osgi.framework\1.9.0\org.osgi.framework-1.9.0.jar;D:\repo\org\osgi\org.osgi.resource\1.0.0\org.osgi.resource-1.0.0.jar;D:\repo\org\osgi\org.osgi.util.tracker\1.5.1\org.osgi.util.tracker-1.5.1.jar;D:\repo\org\slf4j\slf4j-api\1.7.21\slf4j-api-1.7.21.jar;D:\repo\javax\jcr\jcr\2.0\jcr-2.0.jar;D:\repo\javax\servlet\javax.servlet-api\3.1.0\javax.servlet-api-3.1.0.jar;D:\repo\javax\annotation\javax.annotation-api\1.3.2\javax.annotation-api-1.3.2.jar;D:\repo\org\apache\sling\org.apache.sling.servlets.annotations\1.2.4\org.apache.sling.servlets.annotations-1.2.4.jar;D:\repo\com\adobe\aem\uber-jar\6.5.20\uber-jar-6.5.20.jar;D:\repo\com\adobe\cq\core.wcm.components.core\2.25.4\core.wcm.components.core-2.25.4.jar;D:\repo\org\jsoup\jsoup\1.15.3\jsoup-1.15.3.jar;D:\repo\com\github\spotbugs\spotbugs-annotations\4.7.2\spotbugs-annotations-4.7.2.jar;D:\repo\com\google\code\findbugs\jsr305\3.0.2\jsr305-3.0.2.jar;D:\repo\org\apache\sling\org.apache.sling.models.api\1.3.6\org.apache.sling.models.api-1.3.6.jar;D:\repo\org\junit\jupiter\junit-jupiter\5.8.2\junit-jupiter-5.8.2.jar;D:\repo\org\junit\jupiter\junit-jupiter-api\5.8.2\junit-jupiter-api-5.8.2.jar;D:\repo\org\opentest4j\opentest4j\1.2.0\opentest4j-1.2.0.jar;D:\repo\org\junit\platform\junit-platform-commons\1.8.2\junit-platform-commons-1.8.2.jar;D:\repo\org\apiguardian\apiguardian-api\1.1.2\apiguardian-api-1.1.2.jar;D:\repo\org\junit\jupiter\junit-jupiter-params\5.8.2\junit-jupiter-params-5.8.2.jar;D:\repo\org\junit\jupiter\junit-jupiter-engine\5.8.2\junit-jupiter-engine-5.8.2.jar;D:\repo\org\junit\platform\junit-platform-engine\1.8.2\junit-platform-engine-1.8.2.jar;D:\repo\org\mockito\mockito-core\4.1.0\mockito-core-4.1.0.jar;D:\repo\net\bytebuddy\byte-buddy\1.12.1\byte-buddy-1.12.1.jar;D:\repo\net\bytebuddy\byte-buddy-agent\1.12.1\byte-buddy-agent-1.12.1.jar;D:\repo\org\objenesis\objenesis\3.2\objenesis-3.2.jar;D:\repo\org\mockito\mockito-junit-jupiter\4.1.0\mockito-junit-jupiter-4.1.0.jar;D:\repo\junit-addons\junit-addons\1.4\junit-addons-1.4.jar;D:\repo\junit\junit\3.8.1\junit-3.8.1.jar;D:\repo\xerces\xercesImpl\2.6.2\xercesImpl-2.6.2.jar;D:\repo\xerces\xmlParserAPIs\2.6.2\xmlParserAPIs-2.6.2.jar;D:\repo\io\wcm\io.wcm.testing.aem-mock.junit5\5.1.2\io.wcm.testing.aem-mock.junit5-5.1.2.jar;D:\repo\io\wcm\io.wcm.testing.aem-mock.core\5.1.2\io.wcm.testing.aem-mock.core-5.1.2.jar;D:\repo\org\apache\sling\org.apache.sling.api\2.22.0\org.apache.sling.api-2.22.0.jar;D:\repo\org\jetbrains\annotations\16.0.2\annotations-16.0.2.jar;D:\repo\org\apache\jackrabbit\jackrabbit-jcr-commons\2.20.1\jackrabbit-jcr-commons-2.20.1.jar;D:\repo\org\apache\sling\org.apache.sling.commons.osgi\2.4.0\org.apache.sling.commons.osgi-2.4.0.jar;D:\repo\org\apache\sling\org.apache.sling.resourceresolver\1.7.0\org.apache.sling.resourceresolver-1.7.0.jar;D:\repo\org\apache\sling\org.apache.sling.serviceusermapper\1.4.4\org.apache.sling.serviceusermapper-1.4.4.jar;D:\repo\org\apache\sling\org.apache.sling.jcr.api\2.4.0\org.apache.sling.jcr.api-2.4.0.jar;D:\repo\org\apache\sling\org.apache.sling.jcr.resource\3.0.18\org.apache.sling.jcr.resource-3.0.18.jar;D:\repo\org\apache\sling\org.apache.sling.commons.mime\2.2.2\org.apache.sling.commons.mime-2.2.2.jar;D:\repo\org\apache\sling\org.apache.sling.commons.json\2.0.20\org.apache.sling.commons.json-2.0.20.jar;D:\repo\org\apache\sling\org.apache.sling.commons.classloader\1.4.2\org.apache.sling.commons.classloader-1.4.2.jar;D:\repo\org\apache\sling\org.apache.sling.settings\1.3.10\org.apache.sling.settings-1.3.10.jar;D:\repo\org\apache\sling\org.apache.sling.i18n\2.5.14\org.apache.sling.i18n-2.5.14.jar;D:\repo\org\apache\sling\org.apache.sling.testing.jcr-mock\1.6.0\org.apache.sling.testing.jcr-mock-1.6.0.jar;D:\repo\org\apache\jackrabbit\oak-jackrabbit-api\1.22.5\oak-jackrabbit-api-1.22.5.jar;D:\repo\org\apache\commons\commons-collections4\4.2\commons-collections4-4.2.jar;D:\repo\org\apache\sling\org.apache.sling.testing.osgi-mock.core\3.3.4\org.apache.sling.testing.osgi-mock.core-3.3.4.jar;D:\repo\commons-io\commons-io\2.6\commons-io-2.6.jar;D:\repo\org\reflections\reflections\0.10.2\reflections-0.10.2.jar;D:\repo\org\javassist\javassist\3.28.0-GA\javassist-3.28.0-GA.jar;D:\repo\org\apache\sling\org.apache.sling.testing.sling-mock.core\3.4.2\org.apache.sling.testing.sling-mock.core-3.4.2.jar;D:\repo\org\apache\sling\org.apache.sling.resourcebuilder\1.0.4\org.apache.sling.resourcebuilder-1.0.4.jar;D:\repo\org\osgi\org.osgi.util.converter\1.0.0\org.osgi.util.converter-1.0.0.jar;D:\repo\org\osgi\org.osgi.util.function\1.1.0\org.osgi.util.function-1.1.0.jar;D:\repo\org\apache\sling\org.apache.sling.scripting.core\2.3.2\org.apache.sling.scripting.core-2.3.2.jar;D:\repo\org\apache\felix\org.apache.felix.utils\1.9.0\org.apache.felix.utils-1.9.0.jar;D:\repo\org\apache\johnzon\johnzon-core\1.1.1\johnzon-core-1.1.1.jar;D:\repo\org\apache\sling\org.apache.sling.adapter\2.1.10\org.apache.sling.adapter-2.1.10.jar;D:\repo\org\apache\sling\org.apache.sling.featureflags\1.2.2\org.apache.sling.featureflags-1.2.2.jar;D:\repo\org\apache\jackrabbit\oak-jcr\1.22.5\oak-jcr-1.22.5.jar;D:\repo\org\apache\jackrabbit\oak-api\1.22.5\oak-api-1.22.5.jar;D:\repo\org\apache\jackrabbit\oak-core-spi\1.22.5\oak-core-spi-1.22.5.jar;D:\repo\org\apache\jackrabbit\oak-store-spi\1.22.5\oak-store-spi-1.22.5.jar;D:\repo\org\apache\jackrabbit\oak-query-spi\1.22.5\oak-query-spi-1.22.5.jar;D:\repo\org\apache\jackrabbit\oak-security-spi\1.22.5\oak-security-spi-1.22.5.jar;D:\repo\org\apache\jackrabbit\oak-core\1.22.5\oak-core-1.22.5.jar;D:\repo\org\apache\jackrabbit\oak-blob-plugins\1.22.5\oak-blob-plugins-1.22.5.jar;D:\repo\org\apache\jackrabbit\jackrabbit-data\2.20.1\jackrabbit-data-2.20.1.jar;D:\repo\org\apache\jackrabbit\oak-blob\1.22.5\oak-blob-1.22.5.jar;D:\repo\commons-codec\commons-codec\1.14\commons-codec-1.14.jar;D:\repo\org\apache\jackrabbit\oak-commons\1.22.5\oak-commons-1.22.5.jar;D:\repo\commons-collections\commons-collections\3.2.2\commons-collections-3.2.2.jar;D:\repo\commons-lang\commons-lang\2.6\commons-lang-2.6.jar;D:\repo\org\apache\sling\org.apache.sling.contentparser.api\2.0.0\org.apache.sling.contentparser.api-2.0.0.jar;D:\repo\org\apache\sling\org.apache.sling.contentparser.json\2.0.0\org.apache.sling.contentparser.json-2.0.0.jar;D:\repo\org\apache\sling\org.apache.sling.contentparser.xml-jcr\2.0.0\org.apache.sling.contentparser.xml-jcr-2.0.0.jar;D:\repo\org\apache\sling\org.apache.sling.fsresource\2.2.0\org.apache.sling.fsresource-2.2.0.jar;D:\repo\org\apache\geronimo\specs\geronimo-atinject_1.0_spec\1.0\geronimo-atinject_1.0_spec-1.0.jar;D:\repo\org\apache\geronimo\specs\geronimo-json_1.1_spec\1.0\geronimo-json_1.1_spec-1.0.jar;D:\repo\org\apache\sling\org.apache.sling.testing.resourceresolver-mock\1.4.0\org.apache.sling.testing.resourceresolver-mock-1.4.0.jar;D:\repo\org\apache\sling\org.apache.sling.servlet-helpers\1.4.2\org.apache.sling.servlet-helpers-1.4.2.jar;D:\repo\org\apache\jackrabbit\vault\org.apache.jackrabbit.vault\3.2.8\org.apache.jackrabbit.vault-3.2.8.jar;D:\repo\org\apache\commons\commons-imaging\1.0-alpha1\commons-imaging-1.0-alpha1.jar;D:\repo\javax\servlet\jsp\jsp-api\2.1\jsp-api-2.1.jar;D:\repo\com\day\commons\day-commons-gfx\2.1.28\day-commons-gfx-2.1.28.jar;D:\repo\com\day\commons\day-commons-any\2.0.0\day-commons-any-2.0.0.jar;D:\repo\com\day\commons\day-commons-text\1.1.3\day-commons-text-1.1.3.jar;D:\repo\org\apache\sling\org.apache.sling.testing.hamcrest\1.0.2\org.apache.sling.testing.hamcrest-1.0.2.jar;D:\repo\org\hamcrest\hamcrest-library\1.3\hamcrest-library-1.3.jar;D:\repo\org\hamcrest\hamcrest-core\1.3\hamcrest-core-1.3.jar;D:\repo\org\apache\sling\org.apache.sling.xss\2.2.6\org.apache.sling.xss-2.2.6.jar;D:\repo\org\apache\sling\org.apache.sling.testing.caconfig-mock-plugin\1.4.0\org.apache.sling.testing.caconfig-mock-plugin-1.4.0.jar;D:\repo\org\apache\sling\org.apache.sling.caconfig.api\1.1.0\org.apache.sling.caconfig.api-1.1.0.jar;D:\repo\org\apache\sling\org.apache.sling.caconfig.spi\1.3.0\org.apache.sling.caconfig.spi-1.3.0.jar;D:\repo\org\apache\sling\org.apache.sling.caconfig.impl\1.4.0\org.apache.sling.caconfig.impl-1.4.0.jar;D:\repo\com\adobe\cq\core.wcm.components.testing.aem-mock-plugin\2.25.4\core.wcm.components.testing.aem-mock-plugin-2.25.4.jar;D:\repo\org\apache\sling\org.apache.sling.models.impl\1.4.4\org.apache.sling.models.impl-1.4.4.jar;D:\repo\commons-beanutils\commons-beanutils\1.8.3\commons-beanutils-1.8.3.jar;D:\repo\commons-logging\commons-logging\1.1.1\commons-logging-1.1.1.jar;"/>
    <property name="sun.cpu.endian" value="little"/>
    <property name="user.home" value="C:\Users\INFOMERICA"/>
    <property name="user.language" value="en"/>
    <property name="java.specification.vendor" value="Oracle Corporation"/>
    <property name="java.version.date" value="2023-07-18"/>
    <property name="java.home" value="C:\Program Files\Java\jdk-11"/>
    <property name="file.separator" value="\"/>
    <property name="basedir" value="D:\git\AEM\nrag-training\core"/>
    <property name="java.vm.compressedOopsMode" value="Zero based"/>
    <property name="line.separator" value="&#10;"/>
    <property name="java.specification.name" value="Java Platform API Specification"/>
    <property name="java.vm.specification.vendor" value="Oracle Corporation"/>
    <property name="java.awt.graphicsenv" value="sun.awt.Win32GraphicsEnvironment"/>
    <property name="user.script" value=""/>
    <property name="sun.management.compiler" value="HotSpot 64-Bit Tiered Compilers"/>
    <property name="java.runtime.version" value="11.0.20+9-LTS-256"/>
    <property name="user.name" value="INFOMERICA"/>
    <property name="path.separator" value=";"/>
    <property name="os.version" value="10.0"/>
    <property name="java.runtime.name" value="Java(TM) SE Runtime Environment"/>
    <property name="file.encoding" value="Cp1252"/>
    <property name="java.vm.name" value="Java HotSpot(TM) 64-Bit Server VM"/>
    <property name="java.vendor.version" value="18.9"/>
    <property name="localRepository" value="D:\repo"/>
    <property name="java.vendor.url.bug" value="https://bugreport.java.com/bugreport/"/>
    <property name="java.io.tmpdir" value="C:\Users\INFOME~1\AppData\Local\Temp\"/>
    <property name="java.version" value="11.0.20"/>
    <property name="user.dir" value="D:\git\AEM\nrag-training\core"/>
    <property name="os.arch" value="amd64"/>
    <property name="java.vm.specification.name" value="Java Virtual Machine Specification"/>
    <property name="java.awt.printerjob" value="sun.awt.windows.WPrinterJob"/>
    <property name="sun.os.patch.level" value=""/>
    <property name="java.library.path" value="C:\Program Files\Java\jdk-11\bin;C:\WINDOWS\Sun\Java\bin;C:\WINDOWS\system32;C:\WINDOWS;C:\Users\INFOMERICA\bin;C:\Program Files\Git\mingw64\bin;C:\Program Files\Git\usr\local\bin;C:\Program Files\Git\usr\bin;C:\Program Files\Git\usr\bin;C:\Program Files\Git\mingw64\bin;C:\Program Files\Git\usr\bin;C:\Users\INFOMERICA\bin;C:\Program Files\Java\jdk-17\bin\server;C:\Program Files\Java\jdk-17\bin;C:\Program Files\Java\jdk1.8.0_202\bin;C:\Program Files (x86)\Common Files\Oracle\Java\javapath;C:\Program Files\Common Files\Oracle\Java\javapath;C:\WINDOWS\system32;C:\WINDOWS;C:\WINDOWS\System32\Wbem;C:\WINDOWS\System32\WindowsPowerShell\v1.0;C:\WINDOWS\System32\OpenSSH;C:\Program Files\dotnet;C:\Program Files\Git\cmd;C:\Program Files\nodejs;C:\Program Files\PuTTY;D:\AEM\apache-maven-3.9.9\bin;C:\Program Files\Amazon\AWSSAMCLI\bin;C:\Program Files\Docker\Docker\resources\bin;C:\Program Files\Java\jdk1.8.0_202\bin;C:\Program Files\MySQL\MySQL Shell 8.0\bin;C:\Users\INFOMERICA\AppData\Local\Microsoft\WindowsApps;C:\Users\INFOMERICA\AppData\Roaming\npm;C:\Users\INFOMERICA\AppData\Local\GitHubDesktop\bin;C:\Users\INFOMERICA\AppData\Local\Programs\Microsoft VS Code\bin;C:\WINDOWS\system32;C:\Program Files\Git\usr\bin\vendor_perl;C:\Program Files\Git\usr\bin\core_perl;."/>
    <property name="java.vendor" value="Oracle Corporation"/>
    <property name="java.vm.info" value="mixed mode"/>
    <property name="java.vm.version" value="11.0.20+9-LTS-256"/>
    <property name="java.specification.maintenance.version" value="2"/>
    <property name="sun.io.unicode.encoding" value="UnicodeLittle"/>
    <property name="java.class.version" value="55.0"/>
  </properties>
  <testcase name="handleEvent" classname="com.nrgtraining.core.listeners.SimpleResourceListenerTest" time="0"/>
</testsuite>